time="2021-03-04T10:26:13+08:00" level=info Agent=PostmanRuntime/7.26.8 HostName=DESKTOP-V4BKCRE Ip=127.0.0.1 Method=POST Path=/Api/V1/AddUser Size=29 SpendTime="64371410000000 ms" Status=200
time="2021-03-04T10:26:23+08:00" level=info Agent="Mozilla/5.0 (Windows NT 10.0; Win64; x64) AppleWebKit/537.36 (KHTML, like Gecko) Chrome/88.0.4324.190 Safari/537.36" HostName=DESKTOP-V4BKCRE Ip="::1" Method=OPTIONS Path=/Api/V1/Login Size=0 SpendTime="0 ms" Status=204
time="2021-03-04T10:26:23+08:00" level=info Agent="Mozilla/5.0 (Windows NT 10.0; Win64; x64) AppleWebKit/537.36 (KHTML, like Gecko) Chrome/88.0.4324.190 Safari/537.36" HostName=DESKTOP-V4BKCRE Ip="::1" Method=POST Path=/Api/V1/Login Size=197 SpendTime="11742170000000 ms" Status=200
time="2021-03-04T10:26:55+08:00" level=info Agent="Mozilla/5.0 (Windows NT 10.0; Win64; x64) AppleWebKit/537.36 (KHTML, like Gecko) Chrome/88.0.4324.190 Safari/537.36" HostName=DESKTOP-V4BKCRE Ip="::1" Method=POST Path=/Api/V1/Login Size=197 SpendTime="8078290000000 ms" Status=200
time="2021-03-04T10:27:03+08:00" level=warning Agent="Mozilla/5.0 (Windows NT 10.0; Win64; x64) AppleWebKit/537.36 (KHTML, like Gecko) Chrome/88.0.4324.190 Safari/537.36" HostName=DESKTOP-V4BKCRE Ip="::1" Method=GET Path=/admin Size=-1 SpendTime="0 ms" Status=404
time="2021-03-04T10:27:03+08:00" level=warning Agent="Mozilla/5.0 (Windows NT 10.0; Win64; x64) AppleWebKit/537.36 (KHTML, like Gecko) Chrome/88.0.4324.190 Safari/537.36" HostName=DESKTOP-V4BKCRE Ip="::1" Method=GET Path=/favicon.ico Size=-1 SpendTime="0 ms" Status=404
time="2021-03-04T10:28:08+08:00" level=info Agent="Mozilla/5.0 (Windows NT 10.0; Win64; x64) AppleWebKit/537.36 (KHTML, like Gecko) Chrome/88.0.4324.190 Safari/537.36" HostName=DESKTOP-V4BKCRE Ip="::1" Method=POST Path=/Api/V1/Login Size=197 SpendTime="8776490000000 ms" Status=200
time="2021-03-04T10:29:00+08:00" level=info Agent="Mozilla/5.0 (Windows NT 10.0; Win64; x64) AppleWebKit/537.36 (KHTML, like Gecko) Chrome/88.0.4324.190 Safari/537.36" HostName=DESKTOP-V4BKCRE Ip="::1" Method=POST Path=/Api/V1/Login Size=197 SpendTime="8876180000000 ms" Status=200
0.4324.182 Safari/537.36" HostName=LAPTOP-04GUAASM Ip="::1" Method=POST Path=/Api/V1/Login Size=197 SpendTime="84767150000000 ms" Status=200
time="2021-03-03T22:55:11+08:00" level=info Agent="Mozilla/5.0 (Windows NT 10.0; Win64; x64) AppleWebKit/537.36 (KHTML, like Gecko) Chrome/88.0.4324.182 Safari/537.36" HostName=LAPTOP-04GUAASM Ip="::1" Method=POST Path=/Api/V1/Login Size=197 SpendTime="46597150000000 ms" Status=200
time="2021-03-03T23:57:45+08:00" level=info Agent="Mozilla/5.0 (Windows NT 10.0; Win64; x64) AppleWebKit/537.36 (KHTML, like Gecko) Chrome/88.0.4324.182 Safari/537.36" HostName=LAPTOP-04GUAASM Ip="::1" Method=OPTIONS Path=/Api/V1/Login Size=0 SpendTime="1905210000000 ms" Status=204
time="2021-03-03T23:57:46+08:00" level=info Agent="Mozilla/5.0 (Windows NT 10.0; Win64; x64) AppleWebKit/537.36 (KHTML, like Gecko) Chrome/88.0.4324.182 Safari/537.36" HostName=LAPTOP-04GUAASM Ip="::1" Method=POST Path=/Api/V1/Login Size=197 SpendTime="90458850000000 ms" Status=200
34+08:00" level=info Agent="Mozilla/5.0 (Windows NT 10.0; Win64; x64) AppleWebKit/537.36 (KHTML, like Gecko) Chrome/88.0.4324.182 Safari/537.36" HostName=LAPTOP-04GUAASM Ip="::1" Method=POST Path=/Api/V1/Login Size=54 SpendTime="399650000000 ms" Status=200
time="2021-03-03T21:30:34+08:00" level=info Agent="Mozilla/5.0 (Windows NT 10.0; Win64; x64) AppleWebKit/537.36 (KHTML, like Gecko) Chrome/88.0.4324.182 Safari/537.36" HostName=LAPTOP-04GUAASM Ip="::1" Method=POST Path=/Api/V1/Login Size=54 SpendTime="698780000000 ms" Status=200
time="2021-03-03T21:32:34+08:00" level=info Agent="Mozilla/5.0 (Windows NT 10.0; Win64; x64) AppleWebKit/537.36 (KHTML, like Gecko) Chrome/88.0.4324.182 Safari/537.36" HostName=LAPTOP-04GUAASM Ip="::1" Method=POST Path=/Api/V1/Login Size=54 SpendTime="8685950000000 ms" Status=200
time="2021-03-03T21:34:41+08:00" level=info Agent="Mozilla/5.0 (Windows NT 10.0; Win64; x64) AppleWebKit/537.36 (KHTML, like Gecko) Chrome/88.0.4324.182 Safari/537.36" HostName=LAPTOP-04GUAASM Ip="::1" Method=POST Path=/Api/V1/Login Size=54 SpendTime="5291700000000 ms" Status=200
time="2021-03-03T21:34:54+08:00" level=info Agent="Mozilla/5.0 (Windows NT 10.0; Win64; x64) AppleWebKit/537.36 (KHTML, like Gecko) Chrome/88.0.4324.182 Safari/537.36" HostName=LAPTOP-04GUAASM Ip="::1" Method=POST Path=/Api/V1/Login Size=54 SpendTime="4592990000000 ms" Status=200
time="2021-03-03T21:34:55+08:00" level=info Agent="Mozilla/5.0 (Windows NT 10.0; Win64; x64) AppleWebKit/537.36 (KHTML, like Gecko) Chrome/88.0.4324.182 Safari/537.36" HostName=LAPTOP-04GUAASM Ip="::1" Method=POST Path=/Api/V1/Login Size=54 SpendTime="399290000000 ms" Status=200
time="2021-03-03T21:34:55+08:00" level=info Agent="Mozilla/5.0 (Windows NT 10.0; Win64; x64) AppleWebKit/537.36 (KHTML, like Gecko) Chrome/88.0.4324.182 Safari/537.36" HostName=LAPTOP-04GUAASM Ip="::1" Method=POST Path=/Api/V1/Login Size=54 SpendTime="399320000000 ms" Status=200
time="2021-03-03T21:34:55+08:00" level=info Agent="Mozilla/5.0 (Windows NT 10.0; Win64; x64) AppleWebKit/537.36 (KHTML, like Gecko) Chrome/88.0.4324.182 Safari/537.36" HostName=LAPTOP-04GUAASM Ip="::1" Method=POST Path=/Api/V1/Login Size=54 SpendTime="599120000000 ms" Status=200
time="2021-03-03T21:34:55+08:00" level=info Agent="Mozilla/5.0 (Windows NT 10.0; Win64; x64) AppleWebKit/537.36 (KHTML, like Gecko) Chrome/88.0.4324.182 Safari/537.36" HostName=LAPTOP-04GUAASM Ip="::1" Method=POST Path=/Api/V1/Login Size=54 SpendTime="798640000000 ms" Status=200
time="2021-03-03T21:34:56+08:00" level=info Agent="Mozilla/5.0 (Windows NT 10.0; Win64; x64) AppleWebKit/537.36 (KHTML, like Gecko) Chrome/88.0.4324.182 Safari/537.36" HostName=LAPTOP-04GUAASM Ip="::1" Method=POST Path=/Api/V1/Login Size=54 SpendTime="599370000000 ms" Status=200
time="2021-03-03T21:34:56+08:00" level=info Agent="Mozilla/5.0 (Windows NT 10.0; Win64; x64) AppleWebKit/537.36 (KHTML, like Gecko) Chrome/88.0.4324.182 Safari/537.36" HostName=LAPTOP-04GUAASM Ip="::1" Method=POST Path=/Api/V1/Login Size=54 SpendTime="798540000000 ms" Status=200
time="2021-03-03T21:34:56+08:00" level=info Agent="Mozilla/5.0 (Windows NT 10.0; Win64; x64) AppleWebKit/537.36 (KHTML, like Gecko) Chrome/88.0.4324.182 Safari/537.36" HostName=LAPTOP-04GUAASM Ip="::1" Method=POST Path=/Api/V1/Login Size=54 SpendTime="499170000000 ms" Status=200
time="2021-03-03T21:34:56+08:00" level=info Agent="Mozilla/5.0 (Windows NT 10.0; Win64; x64) AppleWebKit/537.36 (KHTML, like Gecko) Chrome/88.0.4324.182 Safari/537.36" HostName=LAPTOP-04GUAASM Ip="::1" Method=POST Path=/Api/V1/Login Size=54 SpendTime="399380000000 ms" Status=200
time="2021-03-03T21:34:56+08:00" level=info Agent="Mozilla/5.0 (Windows NT 10.0; Win64; x64) AppleWebKit/537.36 (KHTML, like Gecko) Chrome/88.0.4324.182 Safari/537.36" HostName=LAPTOP-04GUAASM Ip="::1" Method=POST Path=/Api/V1/Login Size=54 SpendTime="599470000000 ms" Status=200
time="2021-03-03T21:34:56+08:00" level=info Agent="Mozilla/5.0 (Windows NT 10.0; Win64; x64) AppleWebKit/537.36 (KHTML, like Gecko) Chrome/88.0.4324.182 Safari/537.36" HostName=LAPTOP-04GUAASM Ip="::1" Method=POST Path=/Api/V1/Login Size=54 SpendTime="399320000000 ms" Status=200
time="2021-03-03T21:37:56+08:00" level=info Agent="Mozilla/5.0 (Windows NT 10.0; Win64; x64) AppleWebKit/537.36 (KHTML, like Gecko) Chrome/88.0.4324.182 Safari/537.36" HostName=LAPTOP-04GUAASM Ip="::1" Method=POST Path=/Api/V1/Login Size=54 SpendTime="5491760000000 ms" Status=200
time="2021-03-03T21:38:40+08:00" level=info Agent="Mozilla/5.0 (Windows NT 10.0; Win64; x64) AppleWebKit/537.36 (KHTML, like Gecko) Chrome/88.0.4324.182 Safari/537.36" HostName=LAPTOP-04GUAASM Ip="::1" Method=POST Path=/Api/V1/Login Size=54 SpendTime="4892170000000 ms" Status=200
time="2021-03-03T21:38:42+08:00" level=info Agent="Mozilla/5.0 (Windows NT 10.0; Win64; x64) AppleWebKit/537.36 (KHTML, like Gecko) Chrome/88.0.4324.182 Safari/537.36" HostName=LAPTOP-04GUAASM Ip="::1" Method=POST Path=/Api/V1/Login Size=54 SpendTime="998630000000 ms" Status=200
time="2021-03-03T21:39:22+08:00" level=info Agent="Mozilla/5.0 (Windows NT 10.0; Win64; x64) AppleWebKit/537.36 (KHTML, like Gecko) Chrome/88.0.4324.182 Safari/537.36" HostName=LAPTOP-04GUAASM Ip="::1" Method=POST Path=/Api/V1/Login Size=54 SpendTime="8886240000000 ms" Status=200
time="2021-03-03T21:40:19+08:00" level=info Agent="Mozilla/5.0 (Windows NT 10.0; Win64; x64) AppleWebKit/537.36 (KHTML, like Gecko) Chrome/88.0.4324.182 Safari/537.36" HostName=LAPTOP-04GUAASM Ip="::1" Method=POST Path=/Api/V1/Login Size=54 SpendTime="6289810000000 ms" Status=200
time="2021-03-03T21:40:22+08:00" level=info Agent="Mozilla/5.0 (Windows NT 10.0; Win64; x64) AppleWebKit/537.36 (KHTML, like Gecko) Chrome/88.0.4324.182 Safari/537.36" HostName=LAPTOP-04GUAASM Ip="::1" Method=POST Path=/Api/V1/Login Size=54 SpendTime="1298080000000 ms" Status=200
time="2021-03-03T21:40:23+08:00" level=info Agent="Mozilla/5.0 (Windows NT 10.0; Win64; x64) AppleWebKit/537.36 (KHTML, like Gecko) Chrome/88.0.4324.182 Safari/537.36" HostName=LAPTOP-04GUAASM Ip="::1" Method=POST Path=/Api/V1/Login Size=54 SpendTime="498620000000 ms" Status=200
time="2021-03-03T21:40:23+08:00" level=info Agent="Mozilla/5.0 (Windows NT 10.0; Win64; x64) AppleWebKit/537.36 (KHTML, like Gecko) Chrome/88.0.4324.182 Safari/537.36" HostName=LAPTOP-04GUAASM Ip="::1" Method=POST Path=/Api/V1/Login Size=54 SpendTime="798220000000 ms" Status=200
time="2021-03-03T21:40:23+08:00" level=info Agent="Mozilla/5.0 (Windows NT 10.0; Win64; x64) AppleWebKit/537.36 (KHTML, like Gecko) Chrome/88.0.4324.182 Safari/537.36" HostName=LAPTOP-04GUAASM Ip="::1" Method=POST Path=/Api/V1/Login Size=54 SpendTime="1297700000000 ms" Status=200
time="2021-03-03T21:40:24+08:00" level=info Agent="Mozilla/5.0 (Windows NT 10.0; Win64; x64) AppleWebKit/537.36 (KHTML, like Gecko) Chrome/88.0.4324.182 Safari/537.36" HostName=LAPTOP-04GUAASM Ip="::1" Method=POST Path=/Api/V1/Login Size=54 SpendTime="499010000000 ms" Status=200
time="2021-03-03T21:40:25+08:00" level=info Agent="Mozilla/5.0 (Windows NT 10.0; Win64; x64) AppleWebKit/537.36 (KHTML, like Gecko) Chrome/88.0.4324.182 Safari/537.36" HostName=LAPTOP-04GUAASM Ip="::1" Method=POST Path=/Api/V1/Login Size=54 SpendTime="399390000000 ms" Status=200
time="2021-03-03T21:40:25+08:00" level=info Agent="Mozilla/5.0 (Windows NT 10.0; Win64; x64) AppleWebKit/537.36 (KHTML, like Gecko) Chrome/88.0.4324.182 Safari/537.36" HostName=LAPTOP-04GUAASM Ip="::1" Method=POST Path=/Api/V1/Login Size=54 SpendTime="299580000000 ms" Status=200
time="2021-03-03T21:40:35+08:00" level=info Agent="Mozilla/5.0 (Windows NT 10.0; Win64; x64) AppleWebKit/537.36 (KHTML, like Gecko) Chrome/88.0.4324.182 Safari/537.36" HostName=LAPTOP-04GUAASM Ip="::1" Method=POST Path=/Api/V1/Login Size=54 SpendTime="7188820000000 ms" Status=200
time="2021-03-03T21:40:43+08:00" level=info Agent="Mozilla/5.0 (Windows NT 10.0; Win64; x64) AppleWebKit/537.36 (KHTML, like Gecko) Chrome/88.0.4324.182 Safari/537.36" HostName=LAPTOP-04GUAASM Ip="::1" Method=POST Path=/Api/V1/Login Size=54 SpendTime="1198350000000 ms" Status=200
time="2021-03-03T21:40:48+08:00" level=info Agent="Mozilla/5.0 (Windows NT 10.0; Win64; x64) AppleWebKit/537.36 (KHTML, like Gecko) Chrome/88.0.4324.182 Safari/537.36" HostName=LAPTOP-04GUAASM Ip="::1" Method=POST Path=/Api/V1/Login Size=54 SpendTime="10772070000000 ms" Status=200
time="2021-03-03T21:43:40+08:00" level=info Agent="Mozilla/5.0 (Windows NT 10.0; Win64; x64) AppleWebKit/537.36 (KHTML, like Gecko) Chrome/88.0.4324.182 Safari/537.36" HostName=LAPTOP-04GUAASM Ip="::1" Method=POST Path=/Api/V1/Login Size=54 SpendTime="4293690000000 ms" Status=200
time="2021-03-03T21:43:58+08:00" level=info Agent="Mozilla/5.0 (Windows NT 10.0; Win64; x64) AppleWebKit/537.36 (KHTML, like Gecko) Chrome/88.0.4324.182 Safari/537.36" HostName=LAPTOP-04GUAASM Ip="::1" Method=POST Path=/Api/V1/Login Size=54 SpendTime="6290180000000 ms" Status=200
time="2021-03-03T21:44:57+08:00" level=info Agent="Mozilla/5.0 (Windows NT 10.0; Win64; x64) AppleWebKit/537.36 (KHTML, like Gecko) Chrome/88.0.4324.182 Safari/537.36" HostName=LAPTOP-04GUAASM Ip="::1" Method=POST Path=/Api/V1/Login Size=54 SpendTime="4193460000000 ms" Status=200
time="2021-03-03T21:44:58+08:00" level=info Agent="Mozilla/5.0 (Windows NT 10.0; Win64; x64) AppleWebKit/537.36 (KHTML, like Gecko) Chrome/88.0.4324.182 Safari/537.36" HostName=LAPTOP-04GUAASM Ip="::1" Method=POST Path=/Api/V1/Login Size=54 SpendTime="898540000000 ms" Status=200
time="2021-03-03T21:45:06+08:00" level=info Agent="Mozilla/5.0 (Windows NT 10.0; Win64; x64) AppleWebKit/537.36 (KHTML, like Gecko) Chrome/88.0.4324.182 Safari/537.36" HostName=LAPTOP-04GUAASM Ip="::1" Method=POST Path=/Api/V1/Login Size=54 SpendTime="299540000000 ms" Status=200
time="2021-03-03T21:47:08+08:00" level=info Agent="Mozilla/5.0 (Windows NT 10.0; Win64; x64) AppleWebKit/537.36 (KHTML, like Gecko) Chrome/88.0.4324.182 Safari/537.36" HostName=LAPTOP-04GUAASM Ip="::1" Method=POST Path=/Api/V1/Login Size=54 SpendTime="3794290000000 ms" Status=200
time="2021-03-03T21:47:10+08:00" level=info Agent="Mozilla/5.0 (Windows NT 10.0; Win64; x64) AppleWebKit/537.36 (KHTML, like Gecko) Chrome/88.0.4324.182 Safari/537.36" HostName=LAPTOP-04GUAASM Ip="::1" Method=POST Path=/Api/V1/Login Size=54 SpendTime="499160000000 ms" Status=200
time="2021-03-03T21:47:11+08:00" level=info Agent="Mozilla/5.0 (Windows NT 10.0; Win64; x64) AppleWebKit/537.36 (KHTML, like Gecko) Chrome/88.0.4324.182 Safari/537.36" HostName=LAPTOP-04GUAASM Ip="::1" Method=POST Path=/Api/V1/Login Size=54 SpendTime="299390000000 ms" Status=200
time="2021-03-03T21:47:11+08:00" level=info Agent="Mozilla/5.0 (Windows NT 10.0; Win64; x64) AppleWebKit/537.36 (KHTML, like Gecko) Chrome/88.0.4324.182 Safari/537.36" HostName=LAPTOP-04GUAASM Ip="::1" Method=POST Path=/Api/V1/Login Size=54 SpendTime="799290000000 ms" Status=200
time="2021-03-03T21:47:11+08:00" level=info Agent="Mozilla/5.0 (Windows NT 10.0; Win64; x64) AppleWebKit/537.36 (KHTML, like Gecko) Chrome/88.0.4324.182 Safari/537.36" HostName=LAPTOP-04GUAASM Ip="::1" Method=POST Path=/Api/V1/Login Size=54 SpendTime="499350000000 ms" Status=200
time="2021-03-03T21:48:03+08:00" level=info Agent="Mozilla/5.0 (Windows NT 10.0; Win64; x64) AppleWebKit/537.36 (KHTML, like Gecko) Chrome/88.0.4324.182 Safari/537.36" HostName=LAPTOP-04GUAASM Ip="::1" Method=POST Path=/Api/V1/Login Size=54 SpendTime="2296740000000 ms" Status=200
time="2021-03-03T21:48:13+08:00" level=info Agent="Mozilla/5.0 (Windows NT 10.0; Win64; x64) AppleWebKit/537.36 (KHTML, like Gecko) Chrome/88.0.4324.182 Safari/537.36" HostName=LAPTOP-04GUAASM Ip="::1" Method=POST Path=/Api/V1/Login Size=54 SpendTime="26358880000000 ms" Status=200
time="2021-03-03T21:48:40+08:00" level=info Agent="Mozilla/5.0 (Windows NT 10.0; Win64; x64) AppleWebKit/537.36 (KHTML, like Gecko) Chrome/88.0.4324.182 Safari/537.36" HostName=LAPTOP-04GUAASM Ip="::1" Method=POST Path=/Api/V1/Login Size=54 SpendTime="3095460000000 ms" Status=200
time="2021-03-03T21:49:21+08:00" level=info Agent="Mozilla/5.0 (Windows NT 10.0; Win64; x64) AppleWebKit/537.36 (KHTML, like Gecko) Chrome/88.0.4324.182 Safari/537.36" HostName=LAPTOP-04GUAASM Ip="::1" Method=POST Path=/Api/V1/Login Size=54 SpendTime="2396430000000 ms" Status=200
time="2021-03-03T21:51:40+08:00" level=info Agent=PostmanRuntime/7.26.8 HostName=LAPTOP-04GUAASM Ip=127.0.0.1 Method=POST Path=/Api/V1/AddUser Size=29 SpendTime="132192530000000 ms" Status=200
time="2021-03-03T21:51:55+08:00" level=warning Agent=PostmanRuntime/7.26.8 HostName=LAPTOP-04GUAASM Ip=127.0.0.1 Method=POST Path=/Api/V1/AddUser Size=46 SpendTime="7488290000000 ms" Status=404
time="2021-03-03T21:52:31+08:00" level=info Agent=PostmanRuntime/7.26.8 HostName=LAPTOP-04GUAASM Ip=127.0.0.1 Method=POST Path=/Api/V1/AddUser Size=29 SpendTime="70788740000000 ms" Status=200
time="2021-03-03T21:52:53+08:00" level=info Agent="Mozilla/5.0 (Windows NT 10.0; Win64; x64) AppleWebKit/537.36 (KHTML, like Gecko) Chrome/88.0.4324.182 Safari/537.36" HostName=LAPTOP-04GUAASM Ip="::1" Method=POST Path=/Api/V1/Login Size=51 SpendTime="136286050000000 ms" Status=200
time="2021-03-03T21:53:06+08:00" level=info Agent="Mozilla/5.0 (Windows NT 10.0; Win64; x64) AppleWebKit/537.36 (KHTML, like Gecko) Chrome/88.0.4324.182 Safari/537.36" HostName=LAPTOP-04GUAASM Ip="::1" Method=POST Path=/Api/V1/Login Size=51 SpendTime="47325580000000 ms" Status=200
time="2021-03-03T21:54:06+08:00" level=info Agent=PostmanRuntime/7.26.8 HostName=LAPTOP-04GUAASM Ip=127.0.0.1 Method=POST Path=/Api/V1/Login Size=51 SpendTime="60005400000000 ms" Status=200
time="2021-03-03T21:54:26+08:00" level=info Agent=PostmanRuntime/7.26.8 HostName=LAPTOP-04GUAASM Ip=127.0.0.1 Method=POST Path=/Api/V1/Login Size=51 SpendTime="44130670000000 ms" Status=200
time="2021-03-03T21:55:24+08:00" level=info Agent=PostmanRuntime/7.26.8 HostName=LAPTOP-04GUAASM Ip=127.0.0.1 Method=POST Path=/Api/V1/Login Size=51 SpendTime="51219540000000 ms" Status=200
