time="2021-03-03 21:06:55" level=info Agent="Mozilla/5.0 (Windows NT 10.0; Win64; x64) AppleWebKit/537.36 (KHTML, like Gecko) Chrome/88.0.4324.182 Safari/537.36" HostName=LAPTOP-04GUAASM Ip=127.0.0.1 Method=OPTIONS Path=/Api/V1/Login Size=5 SpendTime="0 ms" Status=200
time="2021-03-03 21:07:39" level=info Agent="Mozilla/5.0 (Windows NT 10.0; Win64; x64) AppleWebKit/537.36 (KHTML, like Gecko) Chrome/88.0.4324.182 Safari/537.36" HostName=LAPTOP-04GUAASM Ip="::1" Method=OPTIONS Path=/Api/V1/Login Size=5 SpendTime="99620000000 ms" Status=200
time="2021-03-03 21:10:47" level=info Agent="Mozilla/5.0 (Windows NT 10.0; Win64; x64) AppleWebKit/537.36 (KHTML, like Gecko) Chrome/88.0.4324.182 Safari/537.36" HostName=LAPTOP-04GUAASM Ip="::1" Method=OPTIONS Path=/Api/V1/Login Size=0 SpendTime="2795430000000 ms" Status=204
time="2021-03-03 21:10:47" level=info Agent="Mozilla/5.0 (Windows NT 10.0; Win64; x64) AppleWebKit/537.36 (KHTML, like Gecko) Chrome/88.0.4324.182 Safari/537.36" HostName=LAPTOP-04GUAASM Ip="::1" Method=POST Path=/Api/V1/Login Size=54 SpendTime="22963730000000 ms" Status=200
time="2021-03-03 21:18:13" level=info Agent="Mozilla/5.0 (Windows NT 10.0; Win64; x64) AppleWebKit/537.36 (KHTML, like Gecko) Chrome/88.0.4324.182 Safari/537.36" HostName=LAPTOP-04GUAASM Ip="::1" Method=POST Path=/Api/V1/Login Size=54 SpendTime="6788930000000 ms" Status=200
time="2021-03-03 21:20:10" level=info Agent="Mozilla/5.0 (Windows NT 10.0; Win64; x64) AppleWebKit/537.36 (KHTML, like Gecko) Chrome/88.0.4324.182 Safari/537.36" HostName=LAPTOP-04GUAASM Ip="::1" Method=POST Path=/Api/V1/Login Size=54 SpendTime="11881350000000 ms" Status=200
time="2021-03-03 21:20:13" level=info Agent="Mozilla/5.0 (Windows NT 10.0; Win64; x64) AppleWebKit/537.36 (KHTML, like Gecko) Chrome/88.0.4324.182 Safari/537.36" HostName=LAPTOP-04GUAASM Ip="::1" Method=POST Path=/Api/V1/Login Size=54 SpendTime="1098230000000 ms" Status=200
time="2021-03-03 21:27:33" level=info Agent="Mozilla/5.0 (Windows NT 10.0; Win64; x64) AppleWebKit/537.36 (KHTML, like Gecko) Chrome/88.0.4324.182 Safari/537.36" HostName=LAPTOP-04GUAASM Ip="::1" Method=POST Path=/Api/V1/Login Size=54 SpendTime="6589480000000 ms" Status=200
time="2021-03-03 21:27:35" level=info Agent="Mozilla/5.0 (Windows NT 10.0; Win64; x64) AppleWebKit/537.36 (KHTML, like Gecko) Chrome/88.0.4324.182 Safari/537.36" HostName=LAPTOP-04GUAASM Ip="::1" Method=POST Path=/Api/V1/Login Size=54 SpendTime="399480000000 ms" Status=200
time="2021-03-03 21:27:35" level=info Agent="Mozilla/5.0 (Windows NT 10.0; Win64; x64) AppleWebKit/537.36 (KHTML, like Gecko) Chrome/88.0.4324.182 Safari/537.36" HostName=LAPTOP-04GUAASM Ip="::1" Method=POST Path=/Api/V1/Login Size=54 SpendTime="399620000000 ms" Status=200
time="2021-03-03 21:27:35" level=info Agent="Mozilla/5.0 (Windows NT 10.0; Win64; x64) AppleWebKit/537.36 (KHTML, like Gecko) Chrome/88.0.4324.182 Safari/537.36" HostName=LAPTOP-04GUAASM Ip="::1" Method=POST Path=/Api/V1/Login Size=54 SpendTime="2396270000000 ms" Status=200
time="2021-03-03 21:27:35" level=info Agent="Mozilla/5.0 (Windows NT 10.0; Win64; x64) AppleWebKit/537.36 (KHTML, like Gecko) Chrome/88.0.4324.182 Safari/537.36" HostName=LAPTOP-04GUAASM Ip="::1" Method=POST Path=/Api/V1/Login Size=54 SpendTime="3794130000000 ms" Status=200
time="2021-03-03 21:30:33" level=info Agent="Mozilla/5.0 (Windows NT 10.0; Win64; x64) AppleWebKit/537.36 (KHTML, like Gecko) Chrome/88.0.4324.182 Safari/537.36" HostName=LAPTOP-04GUAASM Ip="::1" Method=POST Path=/Api/V1/Login Size=54 SpendTime="6090370000000 ms" Status=200
time="2021-03-03 21:30:34" level=info Agent="Mozilla/5.0 (Windows NT 10.0; Win64; x64) AppleWebKit/537.36 (KHTML, like Gecko) Chrome/88.0.4324.182 Safari/537.36" HostName=LAPTOP-04GUAASM Ip="::1" Method=POST Path=/Api/V1/Login Size=54 SpendTime="399650000000 ms" Status=200
time="2021-03-03 21:30:34" level=info Agent="Mozilla/5.0 (Windows NT 10.0; Win64; x64) AppleWebKit/537.36 (KHTML, like Gecko) Chrome/88.0.4324.182 Safari/537.36" HostName=LAPTOP-04GUAASM Ip="::1" Method=POST Path=/Api/V1/Login Size=54 SpendTime="698780000000 ms" Status=200
time="2021-03-03 21:32:34" level=info Agent="Mozilla/5.0 (Windows NT 10.0; Win64; x64) AppleWebKit/537.36 (KHTML, like Gecko) Chrome/88.0.4324.182 Safari/537.36" HostName=LAPTOP-04GUAASM Ip="::1" Method=POST Path=/Api/V1/Login Size=54 SpendTime="8685950000000 ms" Status=200
time="2021-03-03 21:34:41" level=info Agent="Mozilla/5.0 (Windows NT 10.0; Win64; x64) AppleWebKit/537.36 (KHTML, like Gecko) Chrome/88.0.4324.182 Safari/537.36" HostName=LAPTOP-04GUAASM Ip="::1" Method=POST Path=/Api/V1/Login Size=54 SpendTime="5291700000000 ms" Status=200
time="2021-03-03 21:34:54" level=info Agent="Mozilla/5.0 (Windows NT 10.0; Win64; x64) AppleWebKit/537.36 (KHTML, like Gecko) Chrome/88.0.4324.182 Safari/537.36" HostName=LAPTOP-04GUAASM Ip="::1" Method=POST Path=/Api/V1/Login Size=54 SpendTime="4592990000000 ms" Status=200
time="2021-03-03 21:34:55" level=info Agent="Mozilla/5.0 (Windows NT 10.0; Win64; x64) AppleWebKit/537.36 (KHTML, like Gecko) Chrome/88.0.4324.182 Safari/537.36" HostName=LAPTOP-04GUAASM Ip="::1" Method=POST Path=/Api/V1/Login Size=54 SpendTime="399290000000 ms" Status=200
time="2021-03-03 21:34:55" level=info Agent="Mozilla/5.0 (Windows NT 10.0; Win64; x64) AppleWebKit/537.36 (KHTML, like Gecko) Chrome/88.0.4324.182 Safari/537.36" HostName=LAPTOP-04GUAASM Ip="::1" Method=POST Path=/Api/V1/Login Size=54 SpendTime="399320000000 ms" Status=200
time="2021-03-03 21:34:55" level=info Agent="Mozilla/5.0 (Windows NT 10.0; Win64; x64) AppleWebKit/537.36 (KHTML, like Gecko) Chrome/88.0.4324.182 Safari/537.36" HostName=LAPTOP-04GUAASM Ip="::1" Method=POST Path=/Api/V1/Login Size=54 SpendTime="599120000000 ms" Status=200
time="2021-03-03 21:34:55" level=info Agent="Mozilla/5.0 (Windows NT 10.0; Win64; x64) AppleWebKit/537.36 (KHTML, like Gecko) Chrome/88.0.4324.182 Safari/537.36" HostName=LAPTOP-04GUAASM Ip="::1" Method=POST Path=/Api/V1/Login Size=54 SpendTime="798640000000 ms" Status=200
time="2021-03-03 21:34:56" level=info Agent="Mozilla/5.0 (Windows NT 10.0; Win64; x64) AppleWebKit/537.36 (KHTML, like Gecko) Chrome/88.0.4324.182 Safari/537.36" HostName=LAPTOP-04GUAASM Ip="::1" Method=POST Path=/Api/V1/Login Size=54 SpendTime="599370000000 ms" Status=200
time="2021-03-03 21:34:56" level=info Agent="Mozilla/5.0 (Windows NT 10.0; Win64; x64) AppleWebKit/537.36 (KHTML, like Gecko) Chrome/88.0.4324.182 Safari/537.36" HostName=LAPTOP-04GUAASM Ip="::1" Method=POST Path=/Api/V1/Login Size=54 SpendTime="798540000000 ms" Status=200
time="2021-03-03 21:34:56" level=info Agent="Mozilla/5.0 (Windows NT 10.0; Win64; x64) AppleWebKit/537.36 (KHTML, like Gecko) Chrome/88.0.4324.182 Safari/537.36" HostName=LAPTOP-04GUAASM Ip="::1" Method=POST Path=/Api/V1/Login Size=54 SpendTime="499170000000 ms" Status=200
time="2021-03-03 21:34:56" level=info Agent="Mozilla/5.0 (Windows NT 10.0; Win64; x64) AppleWebKit/537.36 (KHTML, like Gecko) Chrome/88.0.4324.182 Safari/537.36" HostName=LAPTOP-04GUAASM Ip="::1" Method=POST Path=/Api/V1/Login Size=54 SpendTime="399380000000 ms" Status=200
time="2021-03-03 21:34:56" level=info Agent="Mozilla/5.0 (Windows NT 10.0; Win64; x64) AppleWebKit/537.36 (KHTML, like Gecko) Chrome/88.0.4324.182 Safari/537.36" HostName=LAPTOP-04GUAASM Ip="::1" Method=POST Path=/Api/V1/Login Size=54 SpendTime="599470000000 ms" Status=200
time="2021-03-03 21:34:56" level=info Agent="Mozilla/5.0 (Windows NT 10.0; Win64; x64) AppleWebKit/537.36 (KHTML, like Gecko) Chrome/88.0.4324.182 Safari/537.36" HostName=LAPTOP-04GUAASM Ip="::1" Method=POST Path=/Api/V1/Login Size=54 SpendTime="399320000000 ms" Status=200
time="2021-03-03 21:37:56" level=info Agent="Mozilla/5.0 (Windows NT 10.0; Win64; x64) AppleWebKit/537.36 (KHTML, like Gecko) Chrome/88.0.4324.182 Safari/537.36" HostName=LAPTOP-04GUAASM Ip="::1" Method=POST Path=/Api/V1/Login Size=54 SpendTime="5491760000000 ms" Status=200
time="2021-03-03 21:38:40" level=info Agent="Mozilla/5.0 (Windows NT 10.0; Win64; x64) AppleWebKit/537.36 (KHTML, like Gecko) Chrome/88.0.4324.182 Safari/537.36" HostName=LAPTOP-04GUAASM Ip="::1" Method=POST Path=/Api/V1/Login Size=54 SpendTime="4892170000000 ms" Status=200
time="2021-03-03 21:38:42" level=info Agent="Mozilla/5.0 (Windows NT 10.0; Win64; x64) AppleWebKit/537.36 (KHTML, like Gecko) Chrome/88.0.4324.182 Safari/537.36" HostName=LAPTOP-04GUAASM Ip="::1" Method=POST Path=/Api/V1/Login Size=54 SpendTime="998630000000 ms" Status=200
time="2021-03-03 21:39:22" level=info Agent="Mozilla/5.0 (Windows NT 10.0; Win64; x64) AppleWebKit/537.36 (KHTML, like Gecko) Chrome/88.0.4324.182 Safari/537.36" HostName=LAPTOP-04GUAASM Ip="::1" Method=POST Path=/Api/V1/Login Size=54 SpendTime="8886240000000 ms" Status=200
time="2021-03-03 21:40:19" level=info Agent="Mozilla/5.0 (Windows NT 10.0; Win64; x64) AppleWebKit/537.36 (KHTML, like Gecko) Chrome/88.0.4324.182 Safari/537.36" HostName=LAPTOP-04GUAASM Ip="::1" Method=POST Path=/Api/V1/Login Size=54 SpendTime="6289810000000 ms" Status=200
time="2021-03-03 21:40:22" level=info Agent="Mozilla/5.0 (Windows NT 10.0; Win64; x64) AppleWebKit/537.36 (KHTML, like Gecko) Chrome/88.0.4324.182 Safari/537.36" HostName=LAPTOP-04GUAASM Ip="::1" Method=POST Path=/Api/V1/Login Size=54 SpendTime="1298080000000 ms" Status=200
time="2021-03-03 21:40:23" level=info Agent="Mozilla/5.0 (Windows NT 10.0; Win64; x64) AppleWebKit/537.36 (KHTML, like Gecko) Chrome/88.0.4324.182 Safari/537.36" HostName=LAPTOP-04GUAASM Ip="::1" Method=POST Path=/Api/V1/Login Size=54 SpendTime="498620000000 ms" Status=200
time="2021-03-03 21:40:23" level=info Agent="Mozilla/5.0 (Windows NT 10.0; Win64; x64) AppleWebKit/537.36 (KHTML, like Gecko) Chrome/88.0.4324.182 Safari/537.36" HostName=LAPTOP-04GUAASM Ip="::1" Method=POST Path=/Api/V1/Login Size=54 SpendTime="798220000000 ms" Status=200
time="2021-03-03 21:40:23" level=info Agent="Mozilla/5.0 (Windows NT 10.0; Win64; x64) AppleWebKit/537.36 (KHTML, like Gecko) Chrome/88.0.4324.182 Safari/537.36" HostName=LAPTOP-04GUAASM Ip="::1" Method=POST Path=/Api/V1/Login Size=54 SpendTime="1297700000000 ms" Status=200
time="2021-03-03 21:40:24" level=info Agent="Mozilla/5.0 (Windows NT 10.0; Win64; x64) AppleWebKit/537.36 (KHTML, like Gecko) Chrome/88.0.4324.182 Safari/537.36" HostName=LAPTOP-04GUAASM Ip="::1" Method=POST Path=/Api/V1/Login Size=54 SpendTime="499010000000 ms" Status=200
time="2021-03-03 21:40:25" level=info Agent="Mozilla/5.0 (Windows NT 10.0; Win64; x64) AppleWebKit/537.36 (KHTML, like Gecko) Chrome/88.0.4324.182 Safari/537.36" HostName=LAPTOP-04GUAASM Ip="::1" Method=POST Path=/Api/V1/Login Size=54 SpendTime="399390000000 ms" Status=200
time="2021-03-03 21:40:25" level=info Agent="Mozilla/5.0 (Windows NT 10.0; Win64; x64) AppleWebKit/537.36 (KHTML, like Gecko) Chrome/88.0.4324.182 Safari/537.36" HostName=LAPTOP-04GUAASM Ip="::1" Method=POST Path=/Api/V1/Login Size=54 SpendTime="299580000000 ms" Status=200
time="2021-03-03 21:40:35" level=info Agent="Mozilla/5.0 (Windows NT 10.0; Win64; x64) AppleWebKit/537.36 (KHTML, like Gecko) Chrome/88.0.4324.182 Safari/537.36" HostName=LAPTOP-04GUAASM Ip="::1" Method=POST Path=/Api/V1/Login Size=54 SpendTime="7188820000000 ms" Status=200
time="2021-03-03 21:40:43" level=info Agent="Mozilla/5.0 (Windows NT 10.0; Win64; x64) AppleWebKit/537.36 (KHTML, like Gecko) Chrome/88.0.4324.182 Safari/537.36" HostName=LAPTOP-04GUAASM Ip="::1" Method=POST Path=/Api/V1/Login Size=54 SpendTime="1198350000000 ms" Status=200
time="2021-03-03 21:40:48" level=info Agent="Mozilla/5.0 (Windows NT 10.0; Win64; x64) AppleWebKit/537.36 (KHTML, like Gecko) Chrome/88.0.4324.182 Safari/537.36" HostName=LAPTOP-04GUAASM Ip="::1" Method=POST Path=/Api/V1/Login Size=54 SpendTime="10772070000000 ms" Status=200
time="2021-03-03 21:43:40" level=info Agent="Mozilla/5.0 (Windows NT 10.0; Win64; x64) AppleWebKit/537.36 (KHTML, like Gecko) Chrome/88.0.4324.182 Safari/537.36" HostName=LAPTOP-04GUAASM Ip="::1" Method=POST Path=/Api/V1/Login Size=54 SpendTime="4293690000000 ms" Status=200
time="2021-03-03 21:43:58" level=info Agent="Mozilla/5.0 (Windows NT 10.0; Win64; x64) AppleWebKit/537.36 (KHTML, like Gecko) Chrome/88.0.4324.182 Safari/537.36" HostName=LAPTOP-04GUAASM Ip="::1" Method=POST Path=/Api/V1/Login Size=54 SpendTime="6290180000000 ms" Status=200
time="2021-03-03 21:44:57" level=info Agent="Mozilla/5.0 (Windows NT 10.0; Win64; x64) AppleWebKit/537.36 (KHTML, like Gecko) Chrome/88.0.4324.182 Safari/537.36" HostName=LAPTOP-04GUAASM Ip="::1" Method=POST Path=/Api/V1/Login Size=54 SpendTime="4193460000000 ms" Status=200
time="2021-03-03 21:44:58" level=info Agent="Mozilla/5.0 (Windows NT 10.0; Win64; x64) AppleWebKit/537.36 (KHTML, like Gecko) Chrome/88.0.4324.182 Safari/537.36" HostName=LAPTOP-04GUAASM Ip="::1" Method=POST Path=/Api/V1/Login Size=54 SpendTime="898540000000 ms" Status=200
time="2021-03-03 21:45:06" level=info Agent="Mozilla/5.0 (Windows NT 10.0; Win64; x64) AppleWebKit/537.36 (KHTML, like Gecko) Chrome/88.0.4324.182 Safari/537.36" HostName=LAPTOP-04GUAASM Ip="::1" Method=POST Path=/Api/V1/Login Size=54 SpendTime="299540000000 ms" Status=200
time="2021-03-03 21:47:08" level=info Agent="Mozilla/5.0 (Windows NT 10.0; Win64; x64) AppleWebKit/537.36 (KHTML, like Gecko) Chrome/88.0.4324.182 Safari/537.36" HostName=LAPTOP-04GUAASM Ip="::1" Method=POST Path=/Api/V1/Login Size=54 SpendTime="3794290000000 ms" Status=200
time="2021-03-03 21:47:10" level=info Agent="Mozilla/5.0 (Windows NT 10.0; Win64; x64) AppleWebKit/537.36 (KHTML, like Gecko) Chrome/88.0.4324.182 Safari/537.36" HostName=LAPTOP-04GUAASM Ip="::1" Method=POST Path=/Api/V1/Login Size=54 SpendTime="499160000000 ms" Status=200
time="2021-03-03 21:47:11" level=info Agent="Mozilla/5.0 (Windows NT 10.0; Win64; x64) AppleWebKit/537.36 (KHTML, like Gecko) Chrome/88.0.4324.182 Safari/537.36" HostName=LAPTOP-04GUAASM Ip="::1" Method=POST Path=/Api/V1/Login Size=54 SpendTime="299390000000 ms" Status=200
time="2021-03-03 21:47:11" level=info Agent="Mozilla/5.0 (Windows NT 10.0; Win64; x64) AppleWebKit/537.36 (KHTML, like Gecko) Chrome/88.0.4324.182 Safari/537.36" HostName=LAPTOP-04GUAASM Ip="::1" Method=POST Path=/Api/V1/Login Size=54 SpendTime="799290000000 ms" Status=200
time="2021-03-03 21:47:11" level=info Agent="Mozilla/5.0 (Windows NT 10.0; Win64; x64) AppleWebKit/537.36 (KHTML, like Gecko) Chrome/88.0.4324.182 Safari/537.36" HostName=LAPTOP-04GUAASM Ip="::1" Method=POST Path=/Api/V1/Login Size=54 SpendTime="499350000000 ms" Status=200
time="2021-03-03 21:48:03" level=info Agent="Mozilla/5.0 (Windows NT 10.0; Win64; x64) AppleWebKit/537.36 (KHTML, like Gecko) Chrome/88.0.4324.182 Safari/537.36" HostName=LAPTOP-04GUAASM Ip="::1" Method=POST Path=/Api/V1/Login Size=54 SpendTime="2296740000000 ms" Status=200
time="2021-03-03 21:48:13" level=info Agent="Mozilla/5.0 (Windows NT 10.0; Win64; x64) AppleWebKit/537.36 (KHTML, like Gecko) Chrome/88.0.4324.182 Safari/537.36" HostName=LAPTOP-04GUAASM Ip="::1" Method=POST Path=/Api/V1/Login Size=54 SpendTime="26358880000000 ms" Status=200
time="2021-03-03 21:48:40" level=info Agent="Mozilla/5.0 (Windows NT 10.0; Win64; x64) AppleWebKit/537.36 (KHTML, like Gecko) Chrome/88.0.4324.182 Safari/537.36" HostName=LAPTOP-04GUAASM Ip="::1" Method=POST Path=/Api/V1/Login Size=54 SpendTime="3095460000000 ms" Status=200
time="2021-03-03 21:49:21" level=info Agent="Mozilla/5.0 (Windows NT 10.0; Win64; x64) AppleWebKit/537.36 (KHTML, like Gecko) Chrome/88.0.4324.182 Safari/537.36" HostName=LAPTOP-04GUAASM Ip="::1" Method=POST Path=/Api/V1/Login Size=54 SpendTime="2396430000000 ms" Status=200
time="2021-03-03 21:51:40" level=info Agent=PostmanRuntime/7.26.8 HostName=LAPTOP-04GUAASM Ip=127.0.0.1 Method=POST Path=/Api/V1/AddUser Size=29 SpendTime="132192530000000 ms" Status=200
time="2021-03-03 21:52:31" level=info Agent=PostmanRuntime/7.26.8 HostName=LAPTOP-04GUAASM Ip=127.0.0.1 Method=POST Path=/Api/V1/AddUser Size=29 SpendTime="70788740000000 ms" Status=200
time="2021-03-03 21:52:53" level=info Agent="Mozilla/5.0 (Windows NT 10.0; Win64; x64) AppleWebKit/537.36 (KHTML, like Gecko) Chrome/88.0.4324.182 Safari/537.36" HostName=LAPTOP-04GUAASM Ip="::1" Method=POST Path=/Api/V1/Login Size=51 SpendTime="136286050000000 ms" Status=200
time="2021-03-03 21:53:06" level=info Agent="Mozilla/5.0 (Windows NT 10.0; Win64; x64) AppleWebKit/537.36 (KHTML, like Gecko) Chrome/88.0.4324.182 Safari/537.36" HostName=LAPTOP-04GUAASM Ip="::1" Method=POST Path=/Api/V1/Login Size=51 SpendTime="47325580000000 ms" Status=200
time="2021-03-03 21:54:06" level=info Agent=PostmanRuntime/7.26.8 HostName=LAPTOP-04GUAASM Ip=127.0.0.1 Method=POST Path=/Api/V1/Login Size=51 SpendTime="60005400000000 ms" Status=200
time="2021-03-03 21:54:26" level=info Agent=PostmanRuntime/7.26.8 HostName=LAPTOP-04GUAASM Ip=127.0.0.1 Method=POST Path=/Api/V1/Login Size=51 SpendTime="44130670000000 ms" Status=200
time="2021-03-03 21:55:24" level=info Agent=PostmanRuntime/7.26.8 HostName=LAPTOP-04GUAASM Ip=127.0.0.1 Method=POST Path=/Api/V1/Login Size=51 SpendTime="51219540000000 ms" Status=200
time="2021-03-03 22:01:21" level=info Agent=PostmanRuntime/7.26.8 HostName=LAPTOP-04GUAASM Ip=127.0.0.1 Method=POST Path=/Api/V1/Login Size=51 SpendTime="143274820000000 ms" Status=200
time="2021-03-03 22:03:04" level=info Agent=PostmanRuntime/7.26.8 HostName=LAPTOP-04GUAASM Ip=127.0.0.1 Method=POST Path=/Api/V1/AddUser Size=29 SpendTime="211767420000000 ms" Status=200
time="2021-03-03 22:03:40" level=info Agent=PostmanRuntime/7.26.8 HostName=LAPTOP-04GUAASM Ip=127.0.0.1 Method=POST Path=/Api/V1/Login Size=51 SpendTime="56810750000000 ms" Status=200
time="2021-03-03 22:04:02" level=info Agent=PostmanRuntime/7.26.8 HostName=LAPTOP-04GUAASM Ip=127.0.0.1 Method=POST Path=/Api/V1/Login Size=197 SpendTime="50620450000000 ms" Status=200
time="2021-03-03 22:04:34" level=info Agent=PostmanRuntime/7.26.8 HostName=LAPTOP-04GUAASM Ip=127.0.0.1 Method=POST Path=/Api/V1/Login Size=51 SpendTime="60006070000000 ms" Status=200
time="2021-03-03 22:04:53" level=info Agent=PostmanRuntime/7.26.8 HostName=LAPTOP-04GUAASM Ip=127.0.0.1 Method=POST Path=/Api/V1/Login Size=54 SpendTime="57110760000000 ms" Status=200
time="2021-03-03 22:05:03" level=info Agent="Mozilla/5.0 (Windows NT 10.0; Win64; x64) AppleWebKit/537.36 (KHTML, like Gecko) Chrome/88.0.4324.182 Safari/537.36" HostName=LAPTOP-04GUAASM Ip="::1" Method=POST Path=/Api/V1/Login Size=54 SpendTime="59306730000000 ms" Status=200
time="2021-03-03 22:05:08" level=info Agent="Mozilla/5.0 (Windows NT 10.0; Win64; x64) AppleWebKit/537.36 (KHTML, like Gecko) Chrome/88.0.4324.182 Safari/537.36" HostName=LAPTOP-04GUAASM Ip="::1" Method=POST Path=/Api/V1/Login Size=54 SpendTime="53615630000000 ms" Status=200
time="2021-03-03 22:11:56" level=info Agent="Mozilla/5.0 (Windows NT 10.0; Win64; x64) AppleWebKit/537.36 (KHTML, like Gecko) Chrome/88.0.4324.182 Safari/537.36" HostName=LAPTOP-04GUAASM Ip="::1" Method=POST Path=/Api/V1/Login Size=54 SpendTime="114464140000000 ms" Status=200
time="2021-03-03 22:12:05" level=info Agent="Mozilla/5.0 (Windows NT 10.0; Win64; x64) AppleWebKit/537.36 (KHTML, like Gecko) Chrome/88.0.4324.182 Safari/537.36" HostName=LAPTOP-04GUAASM Ip="::1" Method=POST Path=/Api/V1/Login Size=54 SpendTime="68691800000000 ms" Status=200
time="2021-03-03 22:12:23" level=info Agent="Mozilla/5.0 (Windows NT 10.0; Win64; x64) AppleWebKit/537.36 (KHTML, like Gecko) Chrome/88.0.4324.182 Safari/537.36" HostName=LAPTOP-04GUAASM Ip="::1" Method=POST Path=/Api/V1/Login Size=51 SpendTime="54214390000000 ms" Status=200
time="2021-03-03 22:18:59" level=info Agent="Mozilla/5.0 (Windows NT 10.0; Win64; x64) AppleWebKit/537.36 (KHTML, like Gecko) Chrome/88.0.4324.182 Safari/537.36" HostName=LAPTOP-04GUAASM Ip="::1" Method=POST Path=/Api/V1/Login Size=51 SpendTime="109128710000000 ms" Status=200
time="2021-03-03 22:19:22" level=info Agent="Mozilla/5.0 (Windows NT 10.0; Win64; x64) AppleWebKit/537.36 (KHTML, like Gecko) Chrome/88.0.4324.182 Safari/537.36" HostName=LAPTOP-04GUAASM Ip="::1" Method=POST Path=/Api/V1/Login Size=51 SpendTime="73684130000000 ms" Status=200
time="2021-03-03 22:21:19" level=info Agent="Mozilla/5.0 (Windows NT 10.0; Win64; x64) AppleWebKit/537.36 (KHTML, like Gecko) Chrome/88.0.4324.182 Safari/537.36" HostName=LAPTOP-04GUAASM Ip="::1" Method=POST Path=/Api/V1/Login Size=51 SpendTime="101340830000000 ms" Status=200
time="2021-03-03 22:21:56" level=info Agent="Mozilla/5.0 (Windows NT 10.0; Win64; x64) AppleWebKit/537.36 (KHTML, like Gecko) Chrome/88.0.4324.182 Safari/537.36" HostName=LAPTOP-04GUAASM Ip="::1" Method=POST Path=/Api/V1/Login Size=54 SpendTime="69890770000000 ms" Status=200
time="2021-03-03 22:22:04" level=info Agent="Mozilla/5.0 (Windows NT 10.0; Win64; x64) AppleWebKit/537.36 (KHTML, like Gecko) Chrome/88.0.4324.182 Safari/537.36" HostName=LAPTOP-04GUAASM Ip="::1" Method=POST Path=/Api/V1/Login Size=197 SpendTime="54913760000000 ms" Status=200
time="2021-03-03 22:23:22" level=info Agent="Mozilla/5.0 (Windows NT 10.0; Win64; x64) AppleWebKit/537.36 (KHTML, like Gecko) Chrome/88.0.4324.182 Safari/537.36" HostName=LAPTOP-04GUAASM Ip="::1" Method=POST Path=/Api/V1/Login Size=197 SpendTime="99343970000000 ms" Status=200
time="2021-03-03 22:27:11" level=info Agent="Mozilla/5.0 (Windows NT 10.0; Win64; x64) AppleWebKit/537.36 (KHTML, like Gecko) Chrome/88.0.4324.182 Safari/537.36" HostName=LAPTOP-04GUAASM Ip="::1" Method=POST Path=/Api/V1/Login Size=197 SpendTime="137883520000000 ms" Status=200
time="2021-03-03 22:28:32" level=info Agent="Mozilla/5.0 (Windows NT 10.0; Win64; x64) AppleWebKit/537.36 (KHTML, like Gecko) Chrome/88.0.4324.182 Safari/537.36" HostName=LAPTOP-04GUAASM Ip="::1" Method=POST Path=/Api/V1/Login Size=197 SpendTime="64438880000000 ms" Status=200
time="2021-03-03 22:30:23" level=info Agent="Mozilla/5.0 (Windows NT 10.0; Win64; x64) AppleWebKit/537.36 (KHTML, like Gecko) Chrome/88.0.4324.182 Safari/537.36" HostName=LAPTOP-04GUAASM Ip="::1" Method=POST Path=/Api/V1/Login Size=197 SpendTime="89259410000000 ms" Status=200
time="2021-03-03 22:33:35" level=info Agent="Mozilla/5.0 (Windows NT 10.0; Win64; x64) AppleWebKit/537.36 (KHTML, like Gecko) Chrome/88.0.4324.182 Safari/537.36" HostName=LAPTOP-04GUAASM Ip="::1" Method=POST Path=/Api/V1/Login Size=197 SpendTime="364348730000000 ms" Status=200
time="2021-03-03 22:34:10" level=info Agent="Mozilla/5.0 (Windows NT 10.0; Win64; x64) AppleWebKit/537.36 (KHTML, like Gecko) Chrome/88.0.4324.182 Safari/537.36" HostName=LAPTOP-04GUAASM Ip="::1" Method=POST Path=/Api/V1/Login Size=197 SpendTime="102428850000000 ms" Status=200
time="2021-03-03 22:34:39" level=info Agent="Mozilla/5.0 (Windows NT 10.0; Win64; x64) AppleWebKit/537.36 (KHTML, like Gecko) Chrome/88.0.4324.182 Safari/537.36" HostName=LAPTOP-04GUAASM Ip="::1" Method=POST Path=/Api/V1/Login Size=197 SpendTime="73883810000000 ms" Status=200
time="2021-03-03 22:35:51" level=info Agent="Mozilla/5.0 (Windows NT 10.0; Win64; x64) AppleWebKit/537.36 (KHTML, like Gecko) Chrome/88.0.4324.182 Safari/537.36" HostName=LAPTOP-04GUAASM Ip="::1" Method=POST Path=/Api/V1/Login Size=197 SpendTime="64298400000000 ms" Status=200
time="2021-03-03 22:51:28" level=info Agent="Mozilla/5.0 (Windows NT 10.0; Win64; x64) AppleWebKit/537.36 (KHTML, like Gecko) Chrome/88.0.4324.182 Safari/537.36" HostName=LAPTOP-04GUAASM Ip="::1" Method=POST Path=/Api/V1/Login Size=197 SpendTime="84767150000000 ms" Status=200
time="2021-03-03 22:55:11" level=info Agent="Mozilla/5.0 (Windows NT 10.0; Win64; x64) AppleWebKit/537.36 (KHTML, like Gecko) Chrome/88.0.4324.182 Safari/537.36" HostName=LAPTOP-04GUAASM Ip="::1" Method=POST Path=/Api/V1/Login Size=197 SpendTime="46597150000000 ms" Status=200
time="2021-03-03 23:57:45" level=info Agent="Mozilla/5.0 (Windows NT 10.0; Win64; x64) AppleWebKit/537.36 (KHTML, like Gecko) Chrome/88.0.4324.182 Safari/537.36" HostName=LAPTOP-04GUAASM Ip="::1" Method=OPTIONS Path=/Api/V1/Login Size=0 SpendTime="1905210000000 ms" Status=204
time="2021-03-03 23:57:46" level=info Agent="Mozilla/5.0 (Windows NT 10.0; Win64; x64) AppleWebKit/537.36 (KHTML, like Gecko) Chrome/88.0.4324.182 Safari/537.36" HostName=LAPTOP-04GUAASM Ip="::1" Method=POST Path=/Api/V1/Login Size=197 SpendTime="90458850000000 ms" Status=200
